#
# There is insufficient memory for the Java Runtime Environment to continue.
# Native memory allocation (mmap) failed to map 65536 bytes for Failed to commit metaspace.
# Possible reasons:
#   The system is out of physical RAM or swap space
#   The process is running with CompressedOops enabled, and the Java Heap may be blocking the growth of the native heap
# Possible solutions:
#   Reduce memory load on the system
#   Increase physical memory or swap space
#   Check if swap backing store is full
#   Decrease Java heap size (-Xmx/-Xms)
#   Decrease number of Java threads
#   Decrease Java thread stack sizes (-Xss)
#   Set larger code cache with -XX:ReservedCodeCacheSize=
#   JVM is running with Zero Based Compressed Oops mode in which the Java heap is
#     placed in the first 32GB address space. The Java Heap base address is the
#     maximum limit for the native heap growth. Please use -XX:HeapBaseMinAddress
#     to set the Java Heap base and to place the Java Heap above 32GB virtual address.
# This output file may be truncated or incomplete.
#
#  Out of Memory Error (virtualSpaceNode.cpp:110), pid=5844, tid=18956
#
# JRE version: OpenJDK Runtime Environment Temurin-17.0.6+10 (17.0.6+10) (build 17.0.6+10)
# Java VM: OpenJDK 64-Bit Server VM Temurin-17.0.6+10 (17.0.6+10, mixed mode, tiered, compressed oops, compressed class ptrs, g1 gc, windows-amd64)
# No core dump will be written. Minidumps are not enabled by default on client versions of Windows
#

---------------  S U M M A R Y ------------

Command Line: -Dfile.encoding=UTF-8 --module-path=C:\Users\Lenovo\eclipse-workspace\ai\bin -XX:+ShowCodeDetailsInExceptionMessages -Djdk.module.main=ai ai/ai.BinaryTree

Host: 11th Gen Intel(R) Core(TM) i5-1135G7 @ 2.40GHz, 8 cores, 19G,  Windows 11 , 64 bit Build 22621 (10.0.22621.2428)
Time: Fri Nov 10 09:18:08 2023  Windows 11 , 64 bit Build 22621 (10.0.22621.2428) elapsed time: 0.216761 seconds (0d 0h 0m 0s)

---------------  T H R E A D  ---------------

Current thread (0x000001d4ca2d91a0):  JavaThread "main" [_thread_in_vm, id=18956, stack(0x000000c590b00000,0x000000c590c00000)]

Stack: [0x000000c590b00000,0x000000c590c00000]
Native frames: (J=compiled Java code, j=interpreted, Vv=VM code, C=native code)
V  [jvm.dll+0x67741a]
V  [jvm.dll+0x834434]
V  [jvm.dll+0x835bde]
V  [jvm.dll+0x836243]
V  [jvm.dll+0x2457b5]
V  [jvm.dll+0x8304cb]
V  [jvm.dll+0x61bca6]
V  [jvm.dll+0x61bd0a]
V  [jvm.dll+0x61e52a]
V  [jvm.dll+0x61c646]
V  [jvm.dll+0x626487]
V  [jvm.dll+0x1ea42b]
V  [jvm.dll+0x1ea965]
V  [jvm.dll+0x1eb39f]
V  [jvm.dll+0x1e0841]
V  [jvm.dll+0x53c6d0]
V  [jvm.dll+0x1f1017]
V  [jvm.dll+0x7aea1b]
V  [jvm.dll+0x7afdc2]
V  [jvm.dll+0x7b00f8]
V  [jvm.dll+0x23dbbe]
V  [jvm.dll+0x23de0f]
V  [jvm.dll+0x559d08]
V  [jvm.dll+0x55cbb7]
V  [jvm.dll+0x382ce4]
V  [jvm.dll+0x38234f]
C  0x000001d4d4eda519

Java frames: (J=compiled Java code, j=interpreted, Vv=VM code)
j  java.lang.String.toLowerCase()Ljava/lang/String;+1 java.base@17.0.6
j  sun.net.util.URLUtil.urlNoFragString(Ljava/net/URL;)Ljava/lang/String;+18 java.base@17.0.6
j  java.security.CodeSource.<init>(Ljava/net/URL;[Ljava/security/CodeSigner;)V+30 java.base@17.0.6
j  jdk.internal.loader.BuiltinClassLoader.defineClass(Ljava/lang/String;Ljdk/internal/loader/BuiltinClassLoader$LoadedModule;)Ljava/lang/Class;+116 java.base@17.0.6
j  jdk.internal.loader.BuiltinClassLoader.findClassInModuleOrNull(Ljdk/internal/loader/BuiltinClassLoader$LoadedModule;Ljava/lang/String;)Ljava/lang/Class;+9 java.base@17.0.6
j  jdk.internal.loader.BuiltinClassLoader.findClass(Ljava/lang/String;Ljava/lang/String;)Ljava/lang/Class;+42 java.base@17.0.6
j  java.lang.ClassLoader.loadClass(Ljava/lang/Module;Ljava/lang/String;)Ljava/lang/Class;+26 java.base@17.0.6
j  java.lang.Class.forName(Ljava/lang/Module;Ljava/lang/String;)Ljava/lang/Class;+81 java.base@17.0.6
j  sun.launcher.LauncherHelper.loadModuleMainClass(Ljava/lang/String;)Ljava/lang/Class;+151 java.base@17.0.6
j  sun.launcher.LauncherHelper.checkAndLoadMain(ZILjava/lang/String;)Ljava/lang/Class;+33 java.base@17.0.6
v  ~StubRoutines::call_stub

---------------  P R O C E S S  ---------------

Threads class SMR info:
_java_thread_list=0x000001d4ebe9f630, length=12, elements={
0x000001d4ca2d91a0, 0x000001d4eb3ab3c0, 0x000001d4eb3ae200, 0x000001d4ebc31e70,
0x000001d4ebc32540, 0x000001d4ebc332a0, 0x000001d4ebc4c0f0, 0x000001d4ebc52e40,
0x000001d4ebc55e00, 0x000001d4ebc61020, 0x000001d4eb3329d0, 0x000001d4ec902090
}

Java Threads: ( => current thread )
=>0x000001d4ca2d91a0 JavaThread "main" [_thread_in_vm, id=18956, stack(0x000000c590b00000,0x000000c590c00000)]
  0x000001d4eb3ab3c0 JavaThread "Reference Handler" daemon [_thread_blocked, id=9628, stack(0x000000c591200000,0x000000c591300000)]
  0x000001d4eb3ae200 JavaThread "Finalizer" daemon [_thread_blocked, id=5280, stack(0x000000c591300000,0x000000c591400000)]
  0x000001d4ebc31e70 JavaThread "Signal Dispatcher" daemon [_thread_blocked, id=11676, stack(0x000000c591400000,0x000000c591500000)]
  0x000001d4ebc32540 JavaThread "Attach Listener" daemon [_thread_blocked, id=9016, stack(0x000000c591500000,0x000000c591600000)]
  0x000001d4ebc332a0 JavaThread "Service Thread" daemon [_thread_blocked, id=19224, stack(0x000000c591600000,0x000000c591700000)]
  0x000001d4ebc4c0f0 JavaThread "Monitor Deflation Thread" daemon [_thread_blocked, id=12548, stack(0x000000c591700000,0x000000c591800000)]
  0x000001d4ebc52e40 JavaThread "C2 CompilerThread0" daemon [_thread_blocked, id=1188, stack(0x000000c591800000,0x000000c591900000)]
  0x000001d4ebc55e00 JavaThread "C1 CompilerThread0" daemon [_thread_blocked, id=18472, stack(0x000000c591900000,0x000000c591a00000)]
  0x000001d4ebc61020 JavaThread "Sweeper thread" daemon [_thread_blocked, id=1980, stack(0x000000c591a00000,0x000000c591b00000)]
  0x000001d4eb3329d0 JavaThread "Common-Cleaner" daemon [_thread_blocked, id=6896, stack(0x000000c591b00000,0x000000c591c00000)]
  0x000001d4ec902090 JavaThread "Notification Thread" daemon [_thread_blocked, id=6964, stack(0x000000c591c00000,0x000000c591d00000)]

Other Threads:
  0x000001d4eb3a2d60 VMThread "VM Thread" [stack: 0x000000c591100000,0x000000c591200000] [id=1836]
  0x000001d4ca368a40 WatcherThread [stack: 0x000000c591d00000,0x000000c591e00000] [id=6024]
  0x000001d4ca3540a0 GCTaskThread "GC Thread#0" [stack: 0x000000c590c00000,0x000000c590d00000] [id=11440]
  0x000001d4ca35ed00 ConcurrentGCThread "G1 Main Marker" [stack: 0x000000c590d00000,0x000000c590e00000] [id=9816]
  0x000001d4ca35fd50 ConcurrentGCThread "G1 Conc#0" [stack: 0x000000c590e00000,0x000000c590f00000] [id=17680]
  0x000001d4ca39d9f0 ConcurrentGCThread "G1 Refine#0" [stack: 0x000000c590f00000,0x000000c591000000] [id=11716]
  0x000001d4ca39dec0 ConcurrentGCThread "G1 Service" [stack: 0x000000c591000000,0x000000c591100000] [id=19048]

Threads with active compile tasks:

VM state: not at safepoint (normal execution)

VM Mutex/Monitor currently owned by a thread:  ([mutex/lock_event])
[0x000001d4ca2d36e0] Metaspace_lock - owner thread: 0x000001d4ca2d91a0

Heap address: 0x00000006c3000000, size: 5072 MB, Compressed Oops mode: Zero based, Oop shift amount: 3

CDS archive(s) not mapped
Compressed class space mapped at: 0x0000000800000000-0x0000000840000000, reserved size: 1073741824
Narrow klass base: 0x0000000800000000, Narrow klass shift: 0, Narrow klass range: 0x40000000

GC Precious Log:
 CPUs: 8 total, 8 available
 Memory: 20279M
 Large Page Support: Disabled
 NUMA Support: Disabled
 Compressed Oops: Enabled (Zero based)
 Heap Region Size: 4M
 Heap Min Capacity: 8M
 Heap Initial Capacity: 320M
 Heap Max Capacity: 5072M
 Pre-touch: Disabled
 Parallel Workers: 8
 Concurrent Workers: 2
 Concurrent Refinement Workers: 8
 Periodic GC: Disabled

Heap:
 garbage-first heap   total 327680K, used 0K [0x00000006c3000000, 0x0000000800000000)
  region size 4096K, 1 young (4096K), 0 survivors (0K)
 Metaspace       used 6029K, committed 6144K, reserved 1056768K
  class space    used 521K, committed 576K, reserved 1048576K

Heap Regions: E=young(eden), S=young(survivor), O=old, HS=humongous(starts), HC=humongous(continues), CS=collection set, F=free, OA=open archive, CA=closed archive, TAMS=top-at-mark-start (previous, next)
|   0|0x00000006c3000000, 0x00000006c3000000, 0x00000006c3400000|  0%| F|  |TAMS 0x00000006c3000000, 0x00000006c3000000| Untracked 
|   1|0x00000006c3400000, 0x00000006c3400000, 0x00000006c3800000|  0%| F|  |TAMS 0x00000006c3400000, 0x00000006c3400000| Untracked 
|   2|0x00000006c3800000, 0x00000006c3800000, 0x00000006c3c00000|  0%| F|  |TAMS 0x00000006c3800000, 0x00000006c3800000| Untracked 
|   3|0x00000006c3c00000, 0x00000006c3c00000, 0x00000006c4000000|  0%| F|  |TAMS 0x00000006c3c00000, 0x00000006c3c00000| Untracked 
|   4|0x00000006c4000000, 0x00000006c4000000, 0x00000006c4400000|  0%| F|  |TAMS 0x00000006c4000000, 0x00000006c4000000| Untracked 
|   5|0x00000006c4400000, 0x00000006c4400000, 0x00000006c4800000|  0%| F|  |TAMS 0x00000006c4400000, 0x00000006c4400000| Untracked 
|   6|0x00000006c4800000, 0x00000006c4800000, 0x00000006c4c00000|  0%| F|  |TAMS 0x00000006c4800000, 0x00000006c4800000| Untracked 
|   7|0x00000006c4c00000, 0x00000006c4c00000, 0x00000006c5000000|  0%| F|  |TAMS 0x00000006c4c00000, 0x00000006c4c00000| Untracked 
|   8|0x00000006c5000000, 0x00000006c5000000, 0x00000006c5400000|  0%| F|  |TAMS 0x00000006c5000000, 0x00000006c5000000| Untracked 
|   9|0x00000006c5400000, 0x00000006c5400000, 0x00000006c5800000|  0%| F|  |TAMS 0x00000006c5400000, 0x00000006c5400000| Untracked 
|  10|0x00000006c5800000, 0x00000006c5800000, 0x00000006c5c00000|  0%| F|  |TAMS 0x00000006c5800000, 0x00000006c5800000| Untracked 
|  11|0x00000006c5c00000, 0x00000006c5c00000, 0x00000006c6000000|  0%| F|  |TAMS 0x00000006c5c00000, 0x00000006c5c00000| Untracked 
|  12|0x00000006c6000000, 0x00000006c6000000, 0x00000006c6400000|  0%| F|  |TAMS 0x00000006c6000000, 0x00000006c6000000| Untracked 
|  13|0x00000006c6400000, 0x00000006c6400000, 0x00000006c6800000|  0%| F|  |TAMS 0x00000006c6400000, 0x00000006c6400000| Untracked 
|  14|0x00000006c6800000, 0x00000006c6800000, 0x00000006c6c00000|  0%| F|  |TAMS 0x00000006c6800000, 0x00000006c6800000| Untracked 
|  15|0x00000006c6c00000, 0x00000006c6c00000, 0x00000006c7000000|  0%| F|  |TAMS 0x00000006c6c00000, 0x00000006c6c00000| Untracked 
|  16|0x00000006c7000000, 0x00000006c7000000, 0x00000006c7400000|  0%| F|  |TAMS 0x00000006c7000000, 0x00000006c7000000| Untracked 
|  17|0x00000006c7400000, 0x00000006c7400000, 0x00000006c7800000|  0%| F|  |TAMS 0x00000006c7400000, 0x00000006c7400000| Untracked 
|  18|0x00000006c7800000, 0x00000006c7800000, 0x00000006c7c00000|  0%| F|  |TAMS 0x00000006c7800000, 0x00000006c7800000| Untracked 
|  19|0x00000006c7c00000, 0x00000006c7c00000, 0x00000006c8000000|  0%| F|  |TAMS 0x00000006c7c00000, 0x00000006c7c00000| Untracked 
|  20|0x00000006c8000000, 0x00000006c8000000, 0x00000006c8400000|  0%| F|  |TAMS 0x00000006c8000000, 0x00000006c8000000| Untracked 
|  21|0x00000006c8400000, 0x00000006c8400000, 0x00000006c8800000|  0%| F|  |TAMS 0x00000006c8400000, 0x00000006c8400000| Untracked 
|  22|0x00000006c8800000, 0x00000006c8800000, 0x00000006c8c00000|  0%| F|  |TAMS 0x00000006c8800000, 0x00000006c8800000| Untracked 
|  23|0x00000006c8c00000, 0x00000006c8c00000, 0x00000006c9000000|  0%| F|  |TAMS 0x00000006c8c00000, 0x00000006c8c00000| Untracked 
|  24|0x00000006c9000000, 0x00000006c9000000, 0x00000006c9400000|  0%| F|  |TAMS 0x00000006c9000000, 0x00000006c9000000| Untracked 
|  25|0x00000006c9400000, 0x00000006c9400000, 0x00000006c9800000|  0%| F|  |TAMS 0x00000006c9400000, 0x00000006c9400000| Untracked 
|  26|0x00000006c9800000, 0x00000006c9800000, 0x00000006c9c00000|  0%| F|  |TAMS 0x00000006c9800000, 0x00000006c9800000| Untracked 
|  27|0x00000006c9c00000, 0x00000006c9c00000, 0x00000006ca000000|  0%| F|  |TAMS 0x00000006c9c00000, 0x00000006c9c00000| Untracked 
|  28|0x00000006ca000000, 0x00000006ca000000, 0x00000006ca400000|  0%| F|  |TAMS 0x00000006ca000000, 0x00000006ca000000| Untracked 
|  29|0x00000006ca400000, 0x00000006ca400000, 0x00000006ca800000|  0%| F|  |TAMS 0x00000006ca400000, 0x00000006ca400000| Untracked 
|  30|0x00000006ca800000, 0x00000006ca800000, 0x00000006cac00000|  0%| F|  |TAMS 0x00000006ca800000, 0x00000006ca800000| Untracked 
|  31|0x00000006cac00000, 0x00000006cac00000, 0x00000006cb000000|  0%| F|  |TAMS 0x00000006cac00000, 0x00000006cac00000| Untracked 
|  32|0x00000006cb000000, 0x00000006cb000000, 0x00000006cb400000|  0%| F|  |TAMS 0x00000006cb000000, 0x00000006cb000000| Untracked 
|  33|0x00000006cb400000, 0x00000006cb400000, 0x00000006cb800000|  0%| F|  |TAMS 0x00000006cb400000, 0x00000006cb400000| Untracked 
|  34|0x00000006cb800000, 0x00000006cb800000, 0x00000006cbc00000|  0%| F|  |TAMS 0x00000006cb800000, 0x00000006cb800000| Untracked 
|  35|0x00000006cbc00000, 0x00000006cbc00000, 0x00000006cc000000|  0%| F|  |TAMS 0x00000006cbc00000, 0x00000006cbc00000| Untracked 
|  36|0x00000006cc000000, 0x00000006cc000000, 0x00000006cc400000|  0%| F|  |TAMS 0x00000006cc000000, 0x00000006cc000000| Untracked 
|  37|0x00000006cc400000, 0x00000006cc400000, 0x00000006cc800000|  0%| F|  |TAMS 0x00000006cc400000, 0x00000006cc400000| Untracked 
|  38|0x00000006cc800000, 0x00000006cc800000, 0x00000006ccc00000|  0%| F|  |TAMS 0x00000006cc800000, 0x00000006cc800000| Untracked 
|  39|0x00000006ccc00000, 0x00000006ccc00000, 0x00000006cd000000|  0%| F|  |TAMS 0x00000006ccc00000, 0x00000006ccc00000| Untracked 
|  40|0x00000006cd000000, 0x00000006cd000000, 0x00000006cd400000|  0%| F|  |TAMS 0x00000006cd000000, 0x00000006cd000000| Untracked 
|  41|0x00000006cd400000, 0x00000006cd400000, 0x00000006cd800000|  0%| F|  |TAMS 0x00000006cd400000, 0x00000006cd400000| Untracked 
|  42|0x00000006cd800000, 0x00000006cd800000, 0x00000006cdc00000|  0%| F|  |TAMS 0x00000006cd800000, 0x00000006cd800000| Untracked 
|  43|0x00000006cdc00000, 0x00000006cdc00000, 0x00000006ce000000|  0%| F|  |TAMS 0x00000006cdc00000, 0x00000006cdc00000| Untracked 
|  44|0x00000006ce000000, 0x00000006ce000000, 0x00000006ce400000|  0%| F|  |TAMS 0x00000006ce000000, 0x00000006ce000000| Untracked 
|  45|0x00000006ce400000, 0x00000006ce400000, 0x00000006ce800000|  0%| F|  |TAMS 0x00000006ce400000, 0x00000006ce400000| Untracked 
|  46|0x00000006ce800000, 0x00000006ce800000, 0x00000006cec00000|  0%| F|  |TAMS 0x00000006ce800000, 0x00000006ce800000| Untracked 
|  47|0x00000006cec00000, 0x00000006cec00000, 0x00000006cf000000|  0%| F|  |TAMS 0x00000006cec00000, 0x00000006cec00000| Untracked 
|  48|0x00000006cf000000, 0x00000006cf000000, 0x00000006cf400000|  0%| F|  |TAMS 0x00000006cf000000, 0x00000006cf000000| Untracked 
|  49|0x00000006cf400000, 0x00000006cf400000, 0x00000006cf800000|  0%| F|  |TAMS 0x00000006cf400000, 0x00000006cf400000| Untracked 
|  50|0x00000006cf800000, 0x00000006cf800000, 0x00000006cfc00000|  0%| F|  |TAMS 0x00000006cf800000, 0x00000006cf800000| Untracked 
|  51|0x00000006cfc00000, 0x00000006cfc00000, 0x00000006d0000000|  0%| F|  |TAMS 0x00000006cfc00000, 0x00000006cfc00000| Untracked 
|  52|0x00000006d0000000, 0x00000006d0000000, 0x00000006d0400000|  0%| F|  |TAMS 0x00000006d0000000, 0x00000006d0000000| Untracked 
|  53|0x00000006d0400000, 0x00000006d0400000, 0x00000006d0800000|  0%| F|  |TAMS 0x00000006d0400000, 0x00000006d0400000| Untracked 
|  54|0x00000006d0800000, 0x00000006d0800000, 0x00000006d0c00000|  0%| F|  |TAMS 0x00000006d0800000, 0x00000006d0800000| Untracked 
|  55|0x00000006d0c00000, 0x00000006d0c00000, 0x00000006d1000000|  0%| F|  |TAMS 0x00000006d0c00000, 0x00000006d0c00000| Untracked 
|  56|0x00000006d1000000, 0x00000006d1000000, 0x00000006d1400000|  0%| F|  |TAMS 0x00000006d1000000, 0x00000006d1000000| Untracked 
|  57|0x00000006d1400000, 0x00000006d1400000, 0x00000006d1800000|  0%| F|  |TAMS 0x00000006d1400000, 0x00000006d1400000| Untracked 
|  58|0x00000006d1800000, 0x00000006d1800000, 0x00000006d1c00000|  0%| F|  |TAMS 0x00000006d1800000, 0x00000006d1800000| Untracked 
|  59|0x00000006d1c00000, 0x00000006d1c00000, 0x00000006d2000000|  0%| F|  |TAMS 0x00000006d1c00000, 0x00000006d1c00000| Untracked 
|  60|0x00000006d2000000, 0x00000006d2000000, 0x00000006d2400000|  0%| F|  |TAMS 0x00000006d2000000, 0x00000006d2000000| Untracked 
|  61|0x00000006d2400000, 0x00000006d2400000, 0x00000006d2800000|  0%| F|  |TAMS 0x00000006d2400000, 0x00000006d2400000| Untracked 
|  62|0x00000006d2800000, 0x00000006d2800000, 0x00000006d2c00000|  0%| F|  |TAMS 0x00000006d2800000, 0x00000006d2800000| Untracked 
|  63|0x00000006d2c00000, 0x00000006d2c00000, 0x00000006d3000000|  0%| F|  |TAMS 0x00000006d2c00000, 0x00000006d2c00000| Untracked 
|  64|0x00000006d3000000, 0x00000006d3000000, 0x00000006d3400000|  0%| F|  |TAMS 0x00000006d3000000, 0x00000006d3000000| Untracked 
|  65|0x00000006d3400000, 0x00000006d3400000, 0x00000006d3800000|  0%| F|  |TAMS 0x00000006d3400000, 0x00000006d3400000| Untracked 
|  66|0x00000006d3800000, 0x00000006d3800000, 0x00000006d3c00000|  0%| F|  |TAMS 0x00000006d3800000, 0x00000006d3800000| Untracked 
|  67|0x00000006d3c00000, 0x00000006d3c00000, 0x00000006d4000000|  0%| F|  |TAMS 0x00000006d3c00000, 0x00000006d3c00000| Untracked 
|  68|0x00000006d4000000, 0x00000006d4000000, 0x00000006d4400000|  0%| F|  |TAMS 0x00000006d4000000, 0x00000006d4000000| Untracked 
|  69|0x00000006d4400000, 0x00000006d4400000, 0x00000006d4800000|  0%| F|  |TAMS 0x00000006d4400000, 0x00000006d4400000| Untracked 
|  70|0x00000006d4800000, 0x00000006d4800000, 0x00000006d4c00000|  0%| F|  |TAMS 0x00000006d4800000, 0x00000006d4800000| Untracked 
|  71|0x00000006d4c00000, 0x00000006d4c00000, 0x00000006d5000000|  0%| F|  |TAMS 0x00000006d4c00000, 0x00000006d4c00000| Untracked 
|  72|0x00000006d5000000, 0x00000006d5000000, 0x00000006d5400000|  0%| F|  |TAMS 0x00000006d5000000, 0x00000006d5000000| Untracked 
|  73|0x00000006d5400000, 0x00000006d5400000, 0x00000006d5800000|  0%| F|  |TAMS 0x00000006d5400000, 0x00000006d5400000| Untracked 
|  74|0x00000006d5800000, 0x00000006d5800000, 0x00000006d5c00000|  0%| F|  |TAMS 0x00000006d5800000, 0x00000006d5800000| Untracked 
|  75|0x00000006d5c00000, 0x00000006d5c00000, 0x00000006d6000000|  0%| F|  |TAMS 0x00000006d5c00000, 0x00000006d5c00000| Untracked 
|  76|0x00000006d6000000, 0x00000006d6000000, 0x00000006d6400000|  0%| F|  |TAMS 0x00000006d6000000, 0x00000006d6000000| Untracked 
|  77|0x00000006d6400000, 0x00000006d6400000, 0x00000006d6800000|  0%| F|  |TAMS 0x00000006d6400000, 0x00000006d6400000| Untracked 
|  78|0x00000006d6800000, 0x00000006d6800000, 0x00000006d6c00000|  0%| F|  |TAMS 0x00000006d6800000, 0x00000006d6800000| Untracked 
|  79|0x00000006d6c00000, 0x00000006d6e667e8, 0x00000006d7000000| 60%| E|  |TAMS 0x00000006d6c00000, 0x00000006d6c00000| Complete 

Card table byte_map: [0x000001d4dd6b0000,0x000001d4de0a0000] _byte_map_base: 0x000001d4da098000

Marking Bits (Prev, Next): (CMBitMap*) 0x000001d4ca354550, (CMBitMap*) 0x000001d4ca354590
 Prev Bits: [0x000001d4dea90000, 0x000001d4e39d0000)
 Next Bits: [0x000001d4e39d0000, 0x000001d4e8910000)

Polling page: 0x000001d4c8270000

Metaspace:

Usage:
  Non-class:      5.38 MB used.
      Class:    521.67 KB used.
       Both:      5.89 MB used.

Virtual space:
  Non-class space:        8.00 MB reserved,       5.44 MB ( 68%) committed,  1 nodes.
      Class space:        1.00 GB reserved,     576.00 KB ( <1%) committed,  1 nodes.
             Both:        1.01 GB reserved,       6.00 MB ( <1%) committed. 

Chunk freelists:
   Non-Class:  2.49 MB
       Class:  3.25 MB
        Both:  5.74 MB

MaxMetaspaceSize: unlimited
CompressedClassSpaceSize: 1.00 GB
Initial GC threshold: 21.00 MB
Current GC threshold: 21.00 MB
CDS: off
MetaspaceReclaimPolicy: balanced
 - commit_granule_bytes: 65536.
 - commit_granule_words: 8192.
 - virtual_space_node_default_size: 1048576.
 - enlarge_chunks_in_place: 1.
 - new_chunks_are_fully_committed: 0.
 - uncommit_free_chunks: 1.
 - use_allocation_guard: 0.
 - handle_deallocations: 1.


Internal statistics:

num_allocs_failed_limit: 0.
num_arena_births: 8.
num_arena_deaths: 0.
num_vsnodes_births: 2.
num_vsnodes_deaths: 0.
num_space_committed: 96.
num_space_uncommitted: 0.
num_chunks_returned_to_freelist: 0.
num_chunks_taken_from_freelist: 18.
num_chunk_merges: 0.
num_chunk_splits: 7.
num_chunks_enlarged: 3.
num_purges: 0.
num_inconsistent_stats: 0.

CodeHeap 'non-profiled nmethods': size=120000Kb used=44Kb max_used=44Kb free=119955Kb
 bounds [0x000001d4d5460000, 0x000001d4d56d0000, 0x000001d4dc990000]
CodeHeap 'profiled nmethods': size=120000Kb used=211Kb max_used=211Kb free=119788Kb
 bounds [0x000001d4cd990000, 0x000001d4cdc00000, 0x000001d4d4ec0000]
CodeHeap 'non-nmethods': size=5760Kb used=1109Kb max_used=1121Kb free=4650Kb
 bounds [0x000001d4d4ec0000, 0x000001d4d5130000, 0x000001d4d5460000]
 total_blobs=541 nmethods=170 adapters=284
 compilation: enabled
              stopped_count=0, restarted_count=0
 full_count=0

Compilation events (20 events):
Event: 0.191 Thread 0x000001d4ebc55e00  161       3       jdk.internal.module.ModuleReferenceImpl::hashCode (56 bytes)
Event: 0.191 Thread 0x000001d4ebc55e00 nmethod 161 0x000001d4cd9c1c90 code [0x000001d4cd9c1e80, 0x000001d4cd9c2308]
Event: 0.191 Thread 0x000001d4ebc55e00  162       3       java.util.HashMap::<init> (11 bytes)
Event: 0.191 Thread 0x000001d4ebc55e00 nmethod 162 0x000001d4cd9c2490 code [0x000001d4cd9c2640, 0x000001d4cd9c2818]
Event: 0.191 Thread 0x000001d4ebc55e00  167       3       java.util.HashMap$HashIterator::<init> (79 bytes)
Event: 0.192 Thread 0x000001d4ebc55e00 nmethod 167 0x000001d4cd9c2910 code [0x000001d4cd9c2ac0, 0x000001d4cd9c2f18]
Event: 0.192 Thread 0x000001d4ebc55e00  163       3       java.util.ImmutableCollections$Set12::iterator (9 bytes)
Event: 0.192 Thread 0x000001d4ebc55e00 nmethod 163 0x000001d4cd9c3090 code [0x000001d4cd9c3240, 0x000001d4cd9c3538]
Event: 0.192 Thread 0x000001d4ebc55e00  164       3       java.util.AbstractMap::<init> (5 bytes)
Event: 0.192 Thread 0x000001d4ebc55e00 nmethod 164 0x000001d4cd9c3610 code [0x000001d4cd9c37a0, 0x000001d4cd9c38f8]
Event: 0.192 Thread 0x000001d4ebc55e00  165       3       java.util.AbstractSet::<init> (5 bytes)
Event: 0.192 Thread 0x000001d4ebc55e00 nmethod 165 0x000001d4cd9c3990 code [0x000001d4cd9c3b40, 0x000001d4cd9c3cf8]
Event: 0.192 Thread 0x000001d4ebc55e00  166       3       java.util.ImmutableCollections$Set12$1::next (95 bytes)
Event: 0.193 Thread 0x000001d4ebc55e00 nmethod 166 0x000001d4cd9c3e10 code [0x000001d4cd9c3fc0, 0x000001d4cd9c4268]
Event: 0.197 Thread 0x000001d4ebc55e00  168       1       java.lang.module.ModuleDescriptor$Provides::service (5 bytes)
Event: 0.197 Thread 0x000001d4ebc55e00 nmethod 168 0x000001d4d546af90 code [0x000001d4d546b120, 0x000001d4d546b1f8]
Event: 0.201 Thread 0x000001d4ebc55e00  169       3       java.lang.StringUTF16::getChar (60 bytes)
Event: 0.201 Thread 0x000001d4ebc55e00 nmethod 169 0x000001d4cd9c4390 code [0x000001d4cd9c4520, 0x000001d4cd9c4698]
Event: 0.203 Thread 0x000001d4ebc55e00  170       3       java.lang.String::indexOf (7 bytes)
Event: 0.203 Thread 0x000001d4ebc55e00 nmethod 170 0x000001d4cd9c4790 code [0x000001d4cd9c4960, 0x000001d4cd9c4c78]

GC Heap History (0 events):
No events

Dll operation events (3 events):
Event: 0.006 Loaded shared library C:\Users\Lenovo\AppData\Local\Temp\Rar$EXa13244.42506\eclipse\plugins\org.eclipse.justj.openjdk.hotspot.jre.full.win32.x86_64_17.0.6.v20230204-1729\jre\bin\java.dll
Event: 0.121 Loaded shared library C:\Users\Lenovo\AppData\Local\Temp\Rar$EXa13244.42506\eclipse\plugins\org.eclipse.justj.openjdk.hotspot.jre.full.win32.x86_64_17.0.6.v20230204-1729\jre\bin\net.dll
Event: 0.124 Loaded shared library C:\Users\Lenovo\AppData\Local\Temp\Rar$EXa13244.42506\eclipse\plugins\org.eclipse.justj.openjdk.hotspot.jre.full.win32.x86_64_17.0.6.v20230204-1729\jre\bin\nio.dll

Deoptimization events (4 events):
Event: 0.201 Thread 0x000001d4ca2d91a0 Uncommon trap: trap_request=0xffffff45 fr.pc=0x000001d4d54669f8 relative=0x0000000000000078
Event: 0.201 Thread 0x000001d4ca2d91a0 Uncommon trap: reason=unstable_if action=reinterpret pc=0x000001d4d54669f8 method=java.lang.String.isLatin1()Z @ 10 c2
Event: 0.201 Thread 0x000001d4ca2d91a0 DEOPT PACKING pc=0x000001d4d54669f8 sp=0x000000c590bfee90
Event: 0.201 Thread 0x000001d4ca2d91a0 DEOPT UNPACKING pc=0x000001d4d4f1a1a3 sp=0x000000c590bfedd0 mode 2

Classes unloaded (0 events):
No events

Classes redefined (0 events):
No events

Internal exceptions (1 events):
Event: 0.149 Thread 0x000001d4ca2d91a0 Exception <a 'java/lang/NoSuchMethodError'{0x00000006d6d127e0}: 'void java.lang.invoke.DirectMethodHandle$Holder.invokeVirtual(java.lang.Object, java.lang.Object)'> (0x00000006d6d127e0) 
thrown [s\src\hotspot\share\interpreter\linkResolver.cpp, line 759]

VM Operations (2 events):
Event: 0.177 Executing VM operation: HandshakeAllThreads
Event: 0.177 Executing VM operation: HandshakeAllThreads done

Events (20 events):
Event: 0.201 loading class java/nio/charset/CharsetDecoder
Event: 0.201 loading class java/nio/charset/CharsetDecoder done
Event: 0.201 loading class sun/nio/cs/SingleByte$Decoder done
Event: 0.201 loading class sun/nio/cs/MS1252$Holder
Event: 0.201 loading class sun/nio/cs/MS1252$Holder done
Event: 0.201 loading class sun/nio/cs/SingleByte
Event: 0.201 loading class sun/nio/cs/SingleByte done
Event: 0.202 loading class java/lang/StringCoding
Event: 0.202 loading class java/lang/StringCoding done
Event: 0.202 loading class jdk/internal/loader/BuiltinClassLoader$5
Event: 0.202 loading class jdk/internal/loader/BuiltinClassLoader$5 done
Event: 0.202 loading class jdk/internal/module/ModuleReferences$ExplodedModuleReader
Event: 0.202 loading class jdk/internal/module/ModuleReferences$ExplodedModuleReader done
Event: 0.202 loading class jdk/internal/module/ModulePatcher$PatchedModuleReader
Event: 0.202 loading class jdk/internal/module/ModulePatcher$PatchedModuleReader done
Event: 0.202 loading class jdk/internal/module/Resources
Event: 0.203 loading class jdk/internal/module/Resources done
Event: 0.203 loading class sun/net/util/URLUtil
Event: 0.203 loading class sun/net/util/URLUtil done
Event: 0.203 loading class java/util/Locale


Dynamic libraries:
0x00007ff7a52f0000 - 0x00007ff7a52fe000 	C:\Users\Lenovo\AppData\Local\Temp\Rar$EXa13244.42506\eclipse\plugins\org.eclipse.justj.openjdk.hotspot.jre.full.win32.x86_64_17.0.6.v20230204-1729\jre\bin\javaw.exe
0x00007ffafdc10000 - 0x00007ffafde27000 	C:\WINDOWS\SYSTEM32\ntdll.dll
0x00007ffafc520000 - 0x00007ffafc5e4000 	C:\WINDOWS\System32\KERNEL32.DLL
0x00007ffafb5c0000 - 0x00007ffafb966000 	C:\WINDOWS\System32\KERNELBASE.dll
0x00007ffafb380000 - 0x00007ffafb491000 	C:\WINDOWS\System32\ucrtbase.dll
0x00007ffae38b0000 - 0x00007ffae38c7000 	C:\Users\Lenovo\AppData\Local\Temp\Rar$EXa13244.42506\eclipse\plugins\org.eclipse.justj.openjdk.hotspot.jre.full.win32.x86_64_17.0.6.v20230204-1729\jre\bin\jli.dll
0x00007ffaf62e0000 - 0x00007ffaf62f9000 	C:\Users\Lenovo\AppData\Local\Temp\Rar$EXa13244.42506\eclipse\plugins\org.eclipse.justj.openjdk.hotspot.jre.full.win32.x86_64_17.0.6.v20230204-1729\jre\bin\VCRUNTIME140.dll
0x00007ffafb980000 - 0x00007ffafbb2d000 	C:\WINDOWS\System32\USER32.dll
0x00007ffafb290000 - 0x00007ffafb2b6000 	C:\WINDOWS\System32\win32u.dll
0x00007ffada1f0000 - 0x00007ffada483000 	C:\WINDOWS\WinSxS\amd64_microsoft.windows.common-controls_6595b64144ccf1df_6.0.22621.2361_none_2712ced57382f843\COMCTL32.dll
0x00007ffafd2b0000 - 0x00007ffafd357000 	C:\WINDOWS\System32\msvcrt.dll
0x00007ffafdba0000 - 0x00007ffafdbc9000 	C:\WINDOWS\System32\GDI32.dll
0x00007ffafb4a0000 - 0x00007ffafb5b8000 	C:\WINDOWS\System32\gdi32full.dll
0x00007ffafb010000 - 0x00007ffafb0aa000 	C:\WINDOWS\System32\msvcp_win.dll
0x00007ffafc4e0000 - 0x00007ffafc511000 	C:\WINDOWS\System32\IMM32.DLL
0x00007ffaf6260000 - 0x00007ffaf626c000 	C:\Users\Lenovo\AppData\Local\Temp\Rar$EXa13244.42506\eclipse\plugins\org.eclipse.justj.openjdk.hotspot.jre.full.win32.x86_64_17.0.6.v20230204-1729\jre\bin\vcruntime140_1.dll
0x00007ffad1810000 - 0x00007ffad18a1000 	C:\Users\Lenovo\AppData\Local\Temp\Rar$EXa13244.42506\eclipse\plugins\org.eclipse.justj.openjdk.hotspot.jre.full.win32.x86_64_17.0.6.v20230204-1729\jre\bin\msvcp140.dll
0x00007ffaaf160000 - 0x00007ffaafda7000 	C:\Users\Lenovo\AppData\Local\Temp\Rar$EXa13244.42506\eclipse\plugins\org.eclipse.justj.openjdk.hotspot.jre.full.win32.x86_64_17.0.6.v20230204-1729\jre\bin\server\jvm.dll
0x00007ffafbdd0000 - 0x00007ffafbe80000 	C:\WINDOWS\System32\ADVAPI32.dll
0x00007ffafbb30000 - 0x00007ffafbbd6000 	C:\WINDOWS\System32\sechost.dll
0x00007ffafcfe0000 - 0x00007ffafd0f7000 	C:\WINDOWS\System32\RPCRT4.dll
0x00007ffaf23c0000 - 0x00007ffaf23f4000 	C:\WINDOWS\SYSTEM32\WINMM.dll
0x00007ffad7a30000 - 0x00007ffad7a39000 	C:\WINDOWS\SYSTEM32\WSOCK32.dll
0x00007ffaeaf60000 - 0x00007ffaeaf6a000 	C:\WINDOWS\SYSTEM32\VERSION.dll
0x00007ffafc0d0000 - 0x00007ffafc141000 	C:\WINDOWS\System32\WS2_32.dll
0x00007ffafa060000 - 0x00007ffafa078000 	C:\WINDOWS\SYSTEM32\kernel.appcore.dll
0x00007ffaf26d0000 - 0x00007ffaf26da000 	C:\Users\Lenovo\AppData\Local\Temp\Rar$EXa13244.42506\eclipse\plugins\org.eclipse.justj.openjdk.hotspot.jre.full.win32.x86_64_17.0.6.v20230204-1729\jre\bin\jimage.dll
0x00007ffaf87d0000 - 0x00007ffaf89fe000 	C:\WINDOWS\SYSTEM32\DBGHELP.DLL
0x00007ffafc150000 - 0x00007ffafc4da000 	C:\WINDOWS\System32\combase.dll
0x00007ffafbfd0000 - 0x00007ffafc0a7000 	C:\WINDOWS\System32\OLEAUT32.dll
0x00007ffaedd10000 - 0x00007ffaedd42000 	C:\WINDOWS\SYSTEM32\dbgcore.DLL
0x00007ffafaf90000 - 0x00007ffafb00a000 	C:\WINDOWS\System32\bcryptPrimitives.dll
0x00007ffae2500000 - 0x00007ffae2525000 	C:\Users\Lenovo\AppData\Local\Temp\Rar$EXa13244.42506\eclipse\plugins\org.eclipse.justj.openjdk.hotspot.jre.full.win32.x86_64_17.0.6.v20230204-1729\jre\bin\java.dll
0x00007ffae2ab0000 - 0x00007ffae2ac8000 	C:\Users\Lenovo\AppData\Local\Temp\Rar$EXa13244.42506\eclipse\plugins\org.eclipse.justj.openjdk.hotspot.jre.full.win32.x86_64_17.0.6.v20230204-1729\jre\bin\zip.dll
0x00007ffafc780000 - 0x00007ffafcfd8000 	C:\WINDOWS\System32\SHELL32.dll
0x00007ffaf8f00000 - 0x00007ffaf97f2000 	C:\WINDOWS\SYSTEM32\windows.storage.dll
0x00007ffaf8dc0000 - 0x00007ffaf8efe000 	C:\WINDOWS\SYSTEM32\wintypes.dll
0x00007ffafd100000 - 0x00007ffafd1f3000 	C:\WINDOWS\System32\SHCORE.dll
0x00007ffafd430000 - 0x00007ffafd48e000 	C:\WINDOWS\System32\shlwapi.dll
0x00007ffafaec0000 - 0x00007ffafaee6000 	C:\WINDOWS\SYSTEM32\profapi.dll
0x00007ffae1dd0000 - 0x00007ffae1de9000 	C:\Users\Lenovo\AppData\Local\Temp\Rar$EXa13244.42506\eclipse\plugins\org.eclipse.justj.openjdk.hotspot.jre.full.win32.x86_64_17.0.6.v20230204-1729\jre\bin\net.dll
0x00007ffaf4e40000 - 0x00007ffaf4f77000 	C:\WINDOWS\SYSTEM32\WINHTTP.dll
0x00007ffafa540000 - 0x00007ffafa5a9000 	C:\WINDOWS\system32\mswsock.dll
0x00007ffada040000 - 0x00007ffada055000 	C:\Users\Lenovo\AppData\Local\Temp\Rar$EXa13244.42506\eclipse\plugins\org.eclipse.justj.openjdk.hotspot.jre.full.win32.x86_64_17.0.6.v20230204-1729\jre\bin\nio.dll

dbghelp: loaded successfully - version: 4.0.5 - missing functions: none
symbol engine: initialized successfully - sym options: 0x614 - pdb path: .;C:\Users\Lenovo\AppData\Local\Temp\Rar$EXa13244.42506\eclipse\plugins\org.eclipse.justj.openjdk.hotspot.jre.full.win32.x86_64_17.0.6.v20230204-1729\jre\bin;C:\WINDOWS\SYSTEM32;C:\WINDOWS\WinSxS\amd64_microsoft.windows.common-controls_6595b64144ccf1df_6.0.22621.2361_none_2712ced57382f843;C:\Users\Lenovo\AppData\Local\Temp\Rar$EXa13244.42506\eclipse\plugins\org.eclipse.justj.openjdk.hotspot.jre.full.win32.x86_64_17.0.6.v20230204-1729\jre\bin\server

VM Arguments:
jvm_args: -Dfile.encoding=UTF-8 --module-path=C:\Users\Lenovo\eclipse-workspace\ai\bin -XX:+ShowCodeDetailsInExceptionMessages -Djdk.module.main=ai 
java_command: ai/ai.BinaryTree
java_class_path (initial): <not set>
Launcher Type: SUN_STANDARD

[Global flags]
     intx CICompilerCount                          = 4                                         {product} {ergonomic}
     uint ConcGCThreads                            = 2                                         {product} {ergonomic}
     uint G1ConcRefinementThreads                  = 8                                         {product} {ergonomic}
   size_t G1HeapRegionSize                         = 4194304                                   {product} {ergonomic}
    uintx GCDrainStackTargetSize                   = 64                                        {product} {ergonomic}
   size_t InitialHeapSize                          = 335544320                                 {product} {ergonomic}
   size_t MarkStackSize                            = 4194304                                   {product} {ergonomic}
   size_t MaxHeapSize                              = 5318377472                                {product} {ergonomic}
   size_t MaxNewSize                               = 3187671040                                {product} {ergonomic}
   size_t MinHeapDeltaBytes                        = 4194304                                   {product} {ergonomic}
   size_t MinHeapSize                              = 8388608                                   {product} {ergonomic}
    uintx NonNMethodCodeHeapSize                   = 5839372                                {pd product} {ergonomic}
    uintx NonProfiledCodeHeapSize                  = 122909434                              {pd product} {ergonomic}
    uintx ProfiledCodeHeapSize                     = 122909434                              {pd product} {ergonomic}
    uintx ReservedCodeCacheSize                    = 251658240                              {pd product} {ergonomic}
     bool SegmentedCodeCache                       = true                                      {product} {ergonomic}
     bool ShowCodeDetailsInExceptionMessages       = true                                   {manageable} {command line}
   size_t SoftMaxHeapSize                          = 5318377472                             {manageable} {ergonomic}
     bool UseCompressedClassPointers               = true                           {product lp64_product} {ergonomic}
     bool UseCompressedOops                        = true                           {product lp64_product} {ergonomic}
     bool UseG1GC                                  = true                                      {product} {ergonomic}
     bool UseLargePagesIndividualAllocation        = false                                  {pd product} {ergonomic}

Logging:
Log output configuration:
 #0: stdout all=warning uptime,level,tags
 #1: stderr all=off uptime,level,tags

Environment Variables:
PATH=C:/Users/Lenovo/AppData/Local/Temp/Rar$EXa13244.35183/eclipse//plugins/org.eclipse.justj.openjdk.hotspot.jre.full.win32.x86_64_17.0.6.v20230204-1729/jre/bin/server;C:/Users/Lenovo/AppData/Local/Temp/Rar$EXa13244.35183/eclipse//plugins/org.eclipse.justj.openjdk.hotspot.jre.full.win32.x86_64_17.0.6.v20230204-1729/jre/bin;C:\Program Files\WinRAR;C:\Program Files\Common Files\Oracle\Java\javapath;C:\Program Files (x86)\Common Files\Oracle\Java\javapath;C:\ProgramData\Oracle\Java\javapath;C:\WINDOWS\system32;C:\WINDOWS;C:\WINDOWS\System32\Wbem;C:\WINDOWS\System32\WindowsPowerShell\v1.0\;C:\WINDOWS\System32\OpenSSH\;C:\Program Files\dotnet\;C:\Program Files (x86)\National Instruments\Shared\LabVIEW CLI;C:\Program Files\Git\cmd;C:\Users\Lenovo\AppData\Local\Microsoft\WindowsApps;C:\Users\Lenovo\AppData\Local\Programs\Microsoft VS Code\bin;C:\Users\Lenovo\AppData\Local\Temp\Rar$EXa13244.35183\eclipse;
USERNAME=Lenovo
OS=Windows_NT
PROCESSOR_IDENTIFIER=Intel64 Family 6 Model 140 Stepping 1, GenuineIntel
TMP=C:\Users\Lenovo\AppData\Local\Temp
TEMP=C:\Users\Lenovo\AppData\Local\Temp



---------------  S Y S T E M  ---------------

OS:
 Windows 11 , 64 bit Build 22621 (10.0.22621.2428)
OS uptime: 0 days 7:13 hours

CPU: total 8 (initial active 8) (4 cores per cpu, 2 threads per core) family 6 model 140 stepping 1 microcode 0x8a, cx8, cmov, fxsr, ht, mmx, 3dnowpref, sse, sse2, sse3, ssse3, sse4.1, sse4.2, popcnt, lzcnt, tsc, tscinvbit, avx, avx2, aes, erms, clmul, bmi1, bmi2, adx, avx512f, avx512dq, avx512cd, avx512bw, avx512vl, sha, fma, vzeroupper, avx512_vpopcntdq, avx512_vpclmulqdq, avx512_vaes, avx512_vnni, clflush, clflushopt, clwb, avx512_vbmi2, avx512_vbmi

Memory: 4k page, system-wide physical 20279M (11298M free)
TotalPageFile size 20279M (AvailPageFile size 2M)
current process WorkingSet (physical memory assigned to process): 34M, peak: 34M
current process commit charge ("private bytes"): 404M, peak: 404M

vm_info: OpenJDK 64-Bit Server VM (17.0.6+10) for windows-amd64 JRE (17.0.6+10), built on Jan 18 2023 10:08:59 by "temurin" with MS VC++ 16.7 (VS2019)

END.
