#
# There is insufficient memory for the Java Runtime Environment to continue.
# Native memory allocation (malloc) failed to allocate 1048576 bytes for AllocateHeap
# Possible reasons:
#   The system is out of physical RAM or swap space
#   The process is running with CompressedOops enabled, and the Java Heap may be blocking the growth of the native heap
# Possible solutions:
#   Reduce memory load on the system
#   Increase physical memory or swap space
#   Check if swap backing store is full
#   Decrease Java heap size (-Xmx/-Xms)
#   Decrease number of Java threads
#   Decrease Java thread stack sizes (-Xss)
#   Set larger code cache with -XX:ReservedCodeCacheSize=
#   JVM is running with Zero Based Compressed Oops mode in which the Java heap is
#     placed in the first 32GB address space. The Java Heap base address is the
#     maximum limit for the native heap growth. Please use -XX:HeapBaseMinAddress
#     to set the Java Heap base and to place the Java Heap above 32GB virtual address.
# This output file may be truncated or incomplete.
#
#  Out of Memory Error (allocation.cpp:44), pid=11796, tid=9544
#
# JRE version:  (17.0.6+10) (build )
# Java VM: OpenJDK 64-Bit Server VM (17.0.6+10, mixed mode, sharing, tiered, compressed oops, compressed class ptrs, g1 gc, windows-amd64)
# No core dump will be written. Minidumps are not enabled by default on client versions of Windows
#

---------------  S U M M A R Y ------------

Command Line: -Dfile.encoding=UTF-8 --module-path=C:\Users\Lenovo\eclipse-workspace\ai\bin -XX:+ShowCodeDetailsInExceptionMessages -Djdk.module.main=ai ai/ai.BinaryTree

Host: 11th Gen Intel(R) Core(TM) i5-1135G7 @ 2.40GHz, 8 cores, 19G,  Windows 11 , 64 bit Build 22621 (10.0.22621.2428)
Time: Fri Nov 10 09:18:35 2023  Windows 11 , 64 bit Build 22621 (10.0.22621.2428) elapsed time: 0.020590 seconds (0d 0h 0m 0s)

---------------  T H R E A D  ---------------

Current thread (0x00000211f1f6ca20):  JavaThread "Unknown thread" [_thread_in_vm, id=9544, stack(0x000000c2ba500000,0x000000c2ba600000)]

Stack: [0x000000c2ba500000,0x000000c2ba600000]
Native frames: (J=compiled Java code, j=interpreted, Vv=VM code, C=native code)
V  [jvm.dll+0x67741a]
V  [jvm.dll+0x834434]
V  [jvm.dll+0x835bde]
V  [jvm.dll+0x836243]
V  [jvm.dll+0x2457b5]
V  [jvm.dll+0xa626f]
V  [jvm.dll+0x2e4837]
V  [jvm.dll+0x2dc6bb]
V  [jvm.dll+0x806131]
V  [jvm.dll+0x369331]
V  [jvm.dll+0x7e56ac]
V  [jvm.dll+0x3eb35f]
V  [jvm.dll+0x3ecea1]
C  [jli.dll+0x5267]
C  [ucrtbase.dll+0x29363]
C  [KERNEL32.DLL+0x1257d]
C  [ntdll.dll+0x5aa78]


---------------  P R O C E S S  ---------------

Threads class SMR info:
_java_thread_list=0x00007ffaafc75fd8, length=0, elements={
}

Java Threads: ( => current thread )

Other Threads:
  0x00000211f1fe55f0 GCTaskThread "GC Thread#0" [stack: 0x000000c2ba600000,0x000000c2ba700000] [id=16548]

[error occurred during error reporting (printing all threads), id 0xc0000005, EXCEPTION_ACCESS_VIOLATION (0xc0000005) at pc=0x00007ffaaf4497c0]

VM state: not at safepoint (not fully initialized)

VM Mutex/Monitor currently owned by a thread:  ([mutex/lock_event])
[0x00000211f1f6aee0] Heap_lock - owner thread: 0x00000211f1f6ca20

Heap address: 0x00000006c3000000, size: 5072 MB, Compressed Oops mode: Zero based, Oop shift amount: 3

CDS archive(s) mapped at: [0x0000000000000000-0x0000000000000000-0x0000000000000000), size 0, SharedBaseAddress: 0x0000000800000000, ArchiveRelocationMode: 0.
Narrow klass base: 0x0000000000000000, Narrow klass shift: 0, Narrow klass range: 0x0

GC Precious Log:
<Empty>

Heap:
 garbage-first heap   total 0K, used 0K [0x00000006c3000000, 0x0000000800000000)
  region size 4096K, 0 young (0K), 0 survivors (0K)

[error occurred during error reporting (printing heap information), id 0xc0000005, EXCEPTION_ACCESS_VIOLATION (0xc0000005) at pc=0x00007ffaaf8306f9]

GC Heap History (0 events):
No events

Dll operation events (1 events):
Event: 0.007 Loaded shared library C:\Users\Lenovo\AppData\Local\Temp\Rar$EXa13244.42506\eclipse\plugins\org.eclipse.justj.openjdk.hotspot.jre.full.win32.x86_64_17.0.6.v20230204-1729\jre\bin\java.dll

Deoptimization events (0 events):
No events

Classes unloaded (0 events):
No events

Classes redefined (0 events):
No events

Internal exceptions (0 events):
No events

VM Operations (0 events):
No events

Events (0 events):
No events


Dynamic libraries:
0x00007ff7a52f0000 - 0x00007ff7a52fe000 	C:\Users\Lenovo\AppData\Local\Temp\Rar$EXa13244.42506\eclipse\plugins\org.eclipse.justj.openjdk.hotspot.jre.full.win32.x86_64_17.0.6.v20230204-1729\jre\bin\javaw.exe
0x00007ffafdc10000 - 0x00007ffafde27000 	C:\WINDOWS\SYSTEM32\ntdll.dll
0x00007ffafc520000 - 0x00007ffafc5e4000 	C:\WINDOWS\System32\KERNEL32.DLL
0x00007ffafb5c0000 - 0x00007ffafb966000 	C:\WINDOWS\System32\KERNELBASE.dll
0x00007ffafb380000 - 0x00007ffafb491000 	C:\WINDOWS\System32\ucrtbase.dll
0x00007ffae38b0000 - 0x00007ffae38c7000 	C:\Users\Lenovo\AppData\Local\Temp\Rar$EXa13244.42506\eclipse\plugins\org.eclipse.justj.openjdk.hotspot.jre.full.win32.x86_64_17.0.6.v20230204-1729\jre\bin\jli.dll
0x00007ffaf62e0000 - 0x00007ffaf62f9000 	C:\Users\Lenovo\AppData\Local\Temp\Rar$EXa13244.42506\eclipse\plugins\org.eclipse.justj.openjdk.hotspot.jre.full.win32.x86_64_17.0.6.v20230204-1729\jre\bin\VCRUNTIME140.dll
0x00007ffafb980000 - 0x00007ffafbb2d000 	C:\WINDOWS\System32\USER32.dll
0x00007ffafb290000 - 0x00007ffafb2b6000 	C:\WINDOWS\System32\win32u.dll
0x00007ffada1f0000 - 0x00007ffada483000 	C:\WINDOWS\WinSxS\amd64_microsoft.windows.common-controls_6595b64144ccf1df_6.0.22621.2361_none_2712ced57382f843\COMCTL32.dll
0x00007ffafdba0000 - 0x00007ffafdbc9000 	C:\WINDOWS\System32\GDI32.dll
0x00007ffafd2b0000 - 0x00007ffafd357000 	C:\WINDOWS\System32\msvcrt.dll
0x00007ffafb4a0000 - 0x00007ffafb5b8000 	C:\WINDOWS\System32\gdi32full.dll
0x00007ffafb010000 - 0x00007ffafb0aa000 	C:\WINDOWS\System32\msvcp_win.dll
0x00007ffafc4e0000 - 0x00007ffafc511000 	C:\WINDOWS\System32\IMM32.DLL
0x00007ffaf6260000 - 0x00007ffaf626c000 	C:\Users\Lenovo\AppData\Local\Temp\Rar$EXa13244.42506\eclipse\plugins\org.eclipse.justj.openjdk.hotspot.jre.full.win32.x86_64_17.0.6.v20230204-1729\jre\bin\vcruntime140_1.dll
0x00007ffad1810000 - 0x00007ffad18a1000 	C:\Users\Lenovo\AppData\Local\Temp\Rar$EXa13244.42506\eclipse\plugins\org.eclipse.justj.openjdk.hotspot.jre.full.win32.x86_64_17.0.6.v20230204-1729\jre\bin\msvcp140.dll
0x00007ffaaf160000 - 0x00007ffaafda7000 	C:\Users\Lenovo\AppData\Local\Temp\Rar$EXa13244.42506\eclipse\plugins\org.eclipse.justj.openjdk.hotspot.jre.full.win32.x86_64_17.0.6.v20230204-1729\jre\bin\server\jvm.dll
0x00007ffafbdd0000 - 0x00007ffafbe80000 	C:\WINDOWS\System32\ADVAPI32.dll
0x00007ffafbb30000 - 0x00007ffafbbd6000 	C:\WINDOWS\System32\sechost.dll
0x00007ffafcfe0000 - 0x00007ffafd0f7000 	C:\WINDOWS\System32\RPCRT4.dll
0x00007ffad7a30000 - 0x00007ffad7a39000 	C:\WINDOWS\SYSTEM32\WSOCK32.dll
0x00007ffaf23c0000 - 0x00007ffaf23f4000 	C:\WINDOWS\SYSTEM32\WINMM.dll
0x00007ffafc0d0000 - 0x00007ffafc141000 	C:\WINDOWS\System32\WS2_32.dll
0x00007ffaeaf60000 - 0x00007ffaeaf6a000 	C:\WINDOWS\SYSTEM32\VERSION.dll
0x00007ffafa060000 - 0x00007ffafa078000 	C:\WINDOWS\SYSTEM32\kernel.appcore.dll
0x00007ffaf26d0000 - 0x00007ffaf26da000 	C:\Users\Lenovo\AppData\Local\Temp\Rar$EXa13244.42506\eclipse\plugins\org.eclipse.justj.openjdk.hotspot.jre.full.win32.x86_64_17.0.6.v20230204-1729\jre\bin\jimage.dll
0x00007ffaf87d0000 - 0x00007ffaf89fe000 	C:\WINDOWS\SYSTEM32\DBGHELP.DLL
0x00007ffafc150000 - 0x00007ffafc4da000 	C:\WINDOWS\System32\combase.dll
0x00007ffafbfd0000 - 0x00007ffafc0a7000 	C:\WINDOWS\System32\OLEAUT32.dll
0x00007ffaedd10000 - 0x00007ffaedd42000 	C:\WINDOWS\SYSTEM32\dbgcore.DLL
0x00007ffafaf90000 - 0x00007ffafb00a000 	C:\WINDOWS\System32\bcryptPrimitives.dll
0x00007ffae2500000 - 0x00007ffae2525000 	C:\Users\Lenovo\AppData\Local\Temp\Rar$EXa13244.42506\eclipse\plugins\org.eclipse.justj.openjdk.hotspot.jre.full.win32.x86_64_17.0.6.v20230204-1729\jre\bin\java.dll

dbghelp: loaded successfully - version: 4.0.5 - missing functions: none
symbol engine: initialized successfully - sym options: 0x614 - pdb path: .;C:\Users\Lenovo\AppData\Local\Temp\Rar$EXa13244.42506\eclipse\plugins\org.eclipse.justj.openjdk.hotspot.jre.full.win32.x86_64_17.0.6.v20230204-1729\jre\bin;C:\WINDOWS\SYSTEM32;C:\WINDOWS\WinSxS\amd64_microsoft.windows.common-controls_6595b64144ccf1df_6.0.22621.2361_none_2712ced57382f843;C:\Users\Lenovo\AppData\Local\Temp\Rar$EXa13244.42506\eclipse\plugins\org.eclipse.justj.openjdk.hotspot.jre.full.win32.x86_64_17.0.6.v20230204-1729\jre\bin\server

VM Arguments:
jvm_args: -Dfile.encoding=UTF-8 --module-path=C:\Users\Lenovo\eclipse-workspace\ai\bin -XX:+ShowCodeDetailsInExceptionMessages -Djdk.module.main=ai 
java_command: ai/ai.BinaryTree
java_class_path (initial): <not set>
Launcher Type: SUN_STANDARD

[Global flags]
     intx CICompilerCount                          = 4                                         {product} {ergonomic}
     uint ConcGCThreads                            = 2                                         {product} {ergonomic}
     uint G1ConcRefinementThreads                  = 8                                         {product} {ergonomic}
   size_t G1HeapRegionSize                         = 4194304                                   {product} {ergonomic}
    uintx GCDrainStackTargetSize                   = 64                                        {product} {ergonomic}
   size_t InitialHeapSize                          = 335544320                                 {product} {ergonomic}
   size_t MarkStackSize                            = 4194304                                   {product} {ergonomic}
   size_t MaxHeapSize                              = 5318377472                                {product} {ergonomic}
   size_t MinHeapDeltaBytes                        = 4194304                                   {product} {ergonomic}
   size_t MinHeapSize                              = 8388608                                   {product} {ergonomic}
    uintx NonNMethodCodeHeapSize                   = 5839372                                {pd product} {ergonomic}
    uintx NonProfiledCodeHeapSize                  = 122909434                              {pd product} {ergonomic}
    uintx ProfiledCodeHeapSize                     = 122909434                              {pd product} {ergonomic}
    uintx ReservedCodeCacheSize                    = 251658240                              {pd product} {ergonomic}
     bool SegmentedCodeCache                       = true                                      {product} {ergonomic}
     bool ShowCodeDetailsInExceptionMessages       = true                                   {manageable} {command line}
   size_t SoftMaxHeapSize                          = 5318377472                             {manageable} {ergonomic}
     bool UseCompressedClassPointers               = true                           {product lp64_product} {ergonomic}
     bool UseCompressedOops                        = true                           {product lp64_product} {ergonomic}
     bool UseG1GC                                  = true                                      {product} {ergonomic}
     bool UseLargePagesIndividualAllocation        = false                                  {pd product} {ergonomic}

Logging:
Log output configuration:
 #0: stdout all=warning uptime,level,tags
 #1: stderr all=off uptime,level,tags

Environment Variables:
PATH=C:/Users/Lenovo/AppData/Local/Temp/Rar$EXa13244.35183/eclipse//plugins/org.eclipse.justj.openjdk.hotspot.jre.full.win32.x86_64_17.0.6.v20230204-1729/jre/bin/server;C:/Users/Lenovo/AppData/Local/Temp/Rar$EXa13244.35183/eclipse//plugins/org.eclipse.justj.openjdk.hotspot.jre.full.win32.x86_64_17.0.6.v20230204-1729/jre/bin;C:\Program Files\WinRAR;C:\Program Files\Common Files\Oracle\Java\javapath;C:\Program Files (x86)\Common Files\Oracle\Java\javapath;C:\ProgramData\Oracle\Java\javapath;C:\WINDOWS\system32;C:\WINDOWS;C:\WINDOWS\System32\Wbem;C:\WINDOWS\System32\WindowsPowerShell\v1.0\;C:\WINDOWS\System32\OpenSSH\;C:\Program Files\dotnet\;C:\Program Files (x86)\National Instruments\Shared\LabVIEW CLI;C:\Program Files\Git\cmd;C:\Users\Lenovo\AppData\Local\Microsoft\WindowsApps;C:\Users\Lenovo\AppData\Local\Programs\Microsoft VS Code\bin;C:\Users\Lenovo\AppData\Local\Temp\Rar$EXa13244.35183\eclipse;
USERNAME=Lenovo
OS=Windows_NT
PROCESSOR_IDENTIFIER=Intel64 Family 6 Model 140 Stepping 1, GenuineIntel
TMP=C:\Users\Lenovo\AppData\Local\Temp
TEMP=C:\Users\Lenovo\AppData\Local\Temp



---------------  S Y S T E M  ---------------

OS:
 Windows 11 , 64 bit Build 22621 (10.0.22621.2428)
OS uptime: 0 days 7:14 hours

CPU: total 8 (initial active 8) (4 cores per cpu, 2 threads per core) family 6 model 140 stepping 1 microcode 0x8a, cx8, cmov, fxsr, ht, mmx, 3dnowpref, sse, sse2, sse3, ssse3, sse4.1, sse4.2, popcnt, lzcnt, tsc, tscinvbit, avx, avx2, aes, erms, clmul, bmi1, bmi2, adx, avx512f, avx512dq, avx512cd, avx512bw, avx512vl, sha, fma, vzeroupper, avx512_vpopcntdq, avx512_vpclmulqdq, avx512_vaes, avx512_vnni, clflush, clflushopt, clwb, avx512_vbmi2, avx512_vbmi

Memory: 4k page, system-wide physical 20279M (11330M free)
TotalPageFile size 20279M (AvailPageFile size 5M)
current process WorkingSet (physical memory assigned to process): 11M, peak: 11M
current process commit charge ("private bytes"): 58M, peak: 59M

vm_info: OpenJDK 64-Bit Server VM (17.0.6+10) for windows-amd64 JRE (17.0.6+10), built on Jan 18 2023 10:08:59 by "temurin" with MS VC++ 16.7 (VS2019)

END.
